openlayer>>swww-daemon
activelayout>>hl-virtual-keyboard,Polish
openlayer>>gtk-layer-shell
openlayer>>gtk-layer-shell
createworkspace>>9
createworkspacev2>>9,9
workspace>>9
workspacev2>>9,9
destroyworkspace>>1
destroyworkspacev2>>1,1
openlayer>>wofi
activelayout>>hl-virtual-keyboard,Polish
closelayer>>wofi
openlayer>>wofi
windowtitle>>6184862300b0
windowtitlev2>>6184862300b0,Spotify
urgent>>6184862300b0
openwindow>>6184862300b0,9,Spotify,Spotify
closelayer>>wofi
windowtitle>>618485f81000
windowtitlev2>>618485f81000,Bluetooth Devices
activewindow>>blueman-manager,Bluetooth Devices
activewindowv2>>618485f81000
openwindow>>618485f81000,9,blueman-manager,Bluetooth Devices
activewindow>>Spotify,Spotify
activewindowv2>>6184862300b0
activewindow>>blueman-manager,Bluetooth Devices
activewindowv2>>618485f81000
openlayer>>notifications
activewindow>>Spotify,Spotify
activewindowv2>>6184862300b0
activelayout>>huawei-freebuds-pro-3-(avrcp),Polish
activewindow>>blueman-manager,Bluetooth Devices
activewindowv2>>618485f81000
closewindow>>618485f81000
activewindow>>Spotify,Spotify
activewindowv2>>6184862300b0
createworkspace>>1
createworkspacev2>>1,1
activewindow>>,
activewindowv2>>
workspace>>1
workspacev2>>1,1
createworkspace>>2
createworkspacev2>>2,2
workspace>>2
workspacev2>>2,2
destroyworkspace>>1
destroyworkspacev2>>1,1
closelayer>>notifications
windowtitle>>618485f71070
windowtitlev2>>618485f71070,kitty
activewindow>>kitty,kitty
activewindowv2>>618485f71070
openwindow>>618485f71070,2,kitty,kitty
windowtitle>>618485f71070
windowtitlev2>>618485f71070,fish
activewindow>>kitty,fish
activewindowv2>>618485f71070
windowtitle>>618485f71070
windowtitlev2>>618485f71070,~
activewindow>>kitty,~
activewindowv2>>618485f71070
windowtitle>>618485f71070
windowtitlev2>>618485f71070,cd dotfiles/ ~
activewindow>>kitty,cd dotfiles/ ~
activewindowv2>>618485f71070
windowtitle>>618485f71070
windowtitlev2>>618485f71070,~/dotfiles
activewindow>>kitty,~/dotfiles
activewindowv2>>618485f71070
windowtitle>>618485f71070
windowtitlev2>>618485f71070,nvim .gitignore ~/dotfiles
activewindow>>kitty,nvim .gitignore ~/dotfiles
activewindowv2>>618485f71070
windowtitle>>618485f71070
windowtitlev2>>618485f71070,~/dotfiles
activewindow>>kitty,~/dotfiles
activewindowv2>>618485f71070
windowtitle>>618485f71070
windowtitlev2>>618485f71070,nvim .gitignore ~/dotfiles
activewindow>>kitty,nvim .gitignore ~/dotfiles
activewindowv2>>618485f71070
windowtitle>>618485f71070
windowtitlev2>>618485f71070,~/dotfiles
activewindow>>kitty,~/dotfiles
activewindowv2>>618485f71070
windowtitle>>618485f71070
windowtitlev2>>618485f71070,git restore .gitigno ~/dotfiles
activewindow>>kitty,git restore .gitigno ~/dotfiles
activewindowv2>>618485f71070
windowtitle>>618485f71070
windowtitlev2>>618485f71070,~/dotfiles
activewindow>>kitty,~/dotfiles
activewindowv2>>618485f71070
windowtitle>>618485f71070
windowtitlev2>>618485f71070,nvim .git ~/dotfiles
activewindow>>kitty,nvim .git ~/dotfiles
activewindowv2>>618485f71070
windowtitle>>618485f71070
windowtitlev2>>618485f71070,~/dotfiles
activewindow>>kitty,~/dotfiles
activewindowv2>>618485f71070
windowtitle>>618485f71070
windowtitlev2>>618485f71070,nvim .gitignore ~/dotfiles
activewindow>>kitty,nvim .gitignore ~/dotfiles
activewindowv2>>618485f71070
activewindow>>Spotify,Spotify
activewindowv2>>6184862300b0
workspace>>9
workspacev2>>9,9
activewindow>>kitty,nvim .gitignore ~/dotfiles
activewindowv2>>618485f71070
workspace>>2
workspacev2>>2,2
windowtitle>>618485f71070
windowtitlev2>>618485f71070,~/dotfiles
activewindow>>kitty,~/dotfiles
activewindowv2>>618485f71070
windowtitle>>618485f71070
windowtitlev2>>618485f71070,ga .gitignore ~/dotfiles
activewindow>>kitty,ga .gitignore ~/dotfiles
activewindowv2>>618485f71070
windowtitle>>618485f71070
windowtitlev2>>618485f71070,~/dotfiles
activewindow>>kitty,~/dotfiles
activewindowv2>>618485f71070
windowtitle>>618485f71070
windowtitlev2>>618485f71070,gs ~/dotfiles
activewindow>>kitty,gs ~/dotfiles
activewindowv2>>618485f71070
windowtitle>>618485f71070
windowtitlev2>>618485f71070,~/dotfiles
activewindow>>kitty,~/dotfiles
activewindowv2>>618485f71070
windowtitle>>618485f71070
windowtitlev2>>618485f71070,cd .config/eww/ ~/dotfiles
activewindow>>kitty,cd .config/eww/ ~/dotfiles
activewindowv2>>618485f71070
windowtitle>>618485f71070
windowtitlev2>>618485f71070,~/d/.c/eww
activewindow>>kitty,~/d/.c/eww
activewindowv2>>618485f71070
windowtitle>>618485f71070
windowtitlev2>>618485f71070,cd topbar/ ~/d/.c/eww
activewindow>>kitty,cd topbar/ ~/d/.c/eww
activewindowv2>>618485f71070
windowtitle>>618485f71070
windowtitlev2>>618485f71070,~/d/.c/e/topbar
activewindow>>kitty,~/d/.c/e/topbar
activewindowv2>>618485f71070
windowtitle>>618485f71070
windowtitlev2>>618485f71070,cd logs ~/d/.c/e/topbar
activewindow>>kitty,cd logs ~/d/.c/e/topbar
activewindowv2>>618485f71070
windowtitle>>618485f71070
windowtitlev2>>618485f71070,~/d/.c/e/t/logs
activewindow>>kitty,~/d/.c/e/t/logs
activewindowv2>>618485f71070
windowtitle>>618485f71070
windowtitlev2>>618485f71070,ga . ~/d/.c/e/t/logs
activewindow>>kitty,ga . ~/d/.c/e/t/logs
activewindowv2>>618485f71070
windowtitle>>618485f71070
windowtitlev2>>618485f71070,~/d/.c/e/t/logs
activewindow>>kitty,~/d/.c/e/t/logs
activewindowv2>>618485f71070
windowtitle>>618485f71070
windowtitlev2>>618485f71070,gs ~/d/.c/e/t/logs
activewindow>>kitty,gs ~/d/.c/e/t/logs
activewindowv2>>618485f71070
windowtitle>>618485f71070
windowtitlev2>>618485f71070,~/d/.c/e/t/logs
activewindow>>kitty,~/d/.c/e/t/logs
activewindowv2>>618485f71070
windowtitle>>618485f71070
windowtitlev2>>618485f71070,ga . ~/d/.c/e/t/logs
activewindow>>kitty,ga . ~/d/.c/e/t/logs
activewindowv2>>618485f71070
windowtitle>>618485f71070
windowtitlev2>>618485f71070,~/d/.c/e/t/logs
activewindow>>kitty,~/d/.c/e/t/logs
activewindowv2>>618485f71070
windowtitle>>618485f71070
windowtitlev2>>618485f71070,gcm "Fix .gitignore" ~/d/.c/e/t/logs
activewindow>>kitty,gcm "Fix .gitignore" ~/d/.c/e/t/logs
activewindowv2>>618485f71070
windowtitle>>618485f71070
windowtitlev2>>618485f71070,~/d/.c/e/t/logs
activewindow>>kitty,~/d/.c/e/t/logs
activewindowv2>>618485f71070
windowtitle>>618485f71070
windowtitlev2>>618485f71070,gs ~/d/.c/e/t/logs
activewindow>>kitty,gs ~/d/.c/e/t/logs
activewindowv2>>618485f71070
windowtitle>>618485f71070
windowtitlev2>>618485f71070,~/d/.c/e/t/logs
activewindow>>kitty,~/d/.c/e/t/logs
activewindowv2>>618485f71070
windowtitle>>618485f71070
windowtitlev2>>618485f71070,ga . ~/d/.c/e/t/logs
activewindow>>kitty,ga . ~/d/.c/e/t/logs
activewindowv2>>618485f71070
windowtitle>>618485f71070
windowtitlev2>>618485f71070,~/d/.c/e/t/logs
activewindow>>kitty,~/d/.c/e/t/logs
activewindowv2>>618485f71070
windowtitle>>618485f71070
windowtitlev2>>618485f71070,gs ~/d/.c/e/t/logs
activewindow>>kitty,gs ~/d/.c/e/t/logs
activewindowv2>>618485f71070
windowtitle>>618485f71070
windowtitlev2>>618485f71070,~/d/.c/e/t/logs
activewindow>>kitty,~/d/.c/e/t/logs
activewindowv2>>618485f71070
windowtitle>>618485f71070
windowtitlev2>>618485f71070,nvim ../../../../.gi ~/d/.c/e/t/logs
activewindow>>kitty,nvim ../../../../.gi ~/d/.c/e/t/logs
activewindowv2>>618485f71070
windowtitle>>618485f71070
windowtitlev2>>618485f71070,~/d/.c/e/t/logs
activewindow>>kitty,~/d/.c/e/t/logs
activewindowv2>>618485f71070
windowtitle>>618485f71070
windowtitlev2>>618485f71070,ga . -f ~/d/.c/e/t/logs
activewindow>>kitty,ga . -f ~/d/.c/e/t/logs
activewindowv2>>618485f71070
